build/app/intermediates/manifest_merge_blame_file/release/manifest-merger-blame-release-report.txt
1<?xml version="1.0" encoding="utf-8"?>
2<manifest xmlns:android="http://schemas.android.com/apk/res/android"
3    package="com.example.consentify"
4    android:versionCode="1"
5    android:versionName="1.0.0" >
6
7    <uses-sdk
8        android:minSdkVersion="28"
8-->src\main\AndroidManifest.xml
9        android:targetSdkVersion="31" />
9-->src\main\AndroidManifest.xml
10
11    <uses-permission android:name="android.permission.CAMERA" />
11-->src\main\AndroidManifest.xml:3:5-64
11-->src\main\AndroidManifest.xml:3:22-62
12    <uses-permission android:name="android.permission.WRITE_EXTERNAL_STORAGE" />
12-->src\main\AndroidManifest.xml:4:6-81
12-->src\main\AndroidManifest.xml:4:23-79
13    <uses-permission android:name="android.permission.READ_EXTERNAL_STORAGE" />
13-->src\main\AndroidManifest.xml:5:7-81
13-->src\main\AndroidManifest.xml:5:24-79
14    <uses-permission android:name="android.permission.INTERNET" />
14-->src\main\AndroidManifest.xml:58:5-66
14-->src\main\AndroidManifest.xml:58:22-64
15    <uses-permission android:name="android.permission.REQUEST_INSTALL_PACKAGES" /> <!-- Don't require camera, as this requires a rear camera. This allows it to work on the Nexus 7 -->
15-->[:open_file] AndroidManifest.xml:10:5-83
15-->[:open_file] AndroidManifest.xml:10:22-80
16    <uses-feature
16-->[com.journeyapps:zxing-android-embedded:4.3.0] AndroidManifest.xml:25:5-27:36
17        android:name="android.hardware.camera"
17-->[com.journeyapps:zxing-android-embedded:4.3.0] AndroidManifest.xml:26:9-47
18        android:required="false" />
18-->[com.journeyapps:zxing-android-embedded:4.3.0] AndroidManifest.xml:27:9-33
19    <uses-feature
19-->[com.journeyapps:zxing-android-embedded:4.3.0] AndroidManifest.xml:28:5-30:36
20        android:name="android.hardware.camera.front"
20-->[com.journeyapps:zxing-android-embedded:4.3.0] AndroidManifest.xml:29:9-53
21        android:required="false" /> <!-- TODO replace above two with next line after Android 4.2 -->
21-->[com.journeyapps:zxing-android-embedded:4.3.0] AndroidManifest.xml:30:9-33
22    <!-- <uses-feature android:name="android.hardware.camera.any"/> -->
23    <uses-feature
23-->[com.journeyapps:zxing-android-embedded:4.3.0] AndroidManifest.xml:33:5-35:36
24        android:name="android.hardware.camera.autofocus"
24-->[com.journeyapps:zxing-android-embedded:4.3.0] AndroidManifest.xml:34:9-57
25        android:required="false" />
25-->[com.journeyapps:zxing-android-embedded:4.3.0] AndroidManifest.xml:35:9-33
26    <uses-feature
26-->[com.journeyapps:zxing-android-embedded:4.3.0] AndroidManifest.xml:36:5-38:36
27        android:name="android.hardware.camera.flash"
27-->[com.journeyapps:zxing-android-embedded:4.3.0] AndroidManifest.xml:37:9-53
28        android:required="false" />
28-->[com.journeyapps:zxing-android-embedded:4.3.0] AndroidManifest.xml:38:9-33
29    <uses-feature
29-->[com.journeyapps:zxing-android-embedded:4.3.0] AndroidManifest.xml:39:5-41:36
30        android:name="android.hardware.screen.landscape"
30-->[com.journeyapps:zxing-android-embedded:4.3.0] AndroidManifest.xml:40:9-57
31        android:required="false" />
31-->[com.journeyapps:zxing-android-embedded:4.3.0] AndroidManifest.xml:41:9-33
32    <uses-feature
32-->[com.journeyapps:zxing-android-embedded:4.3.0] AndroidManifest.xml:42:5-44:36
33        android:name="android.hardware.wifi"
33-->[com.journeyapps:zxing-android-embedded:4.3.0] AndroidManifest.xml:43:9-45
34        android:required="false" />
34-->[com.journeyapps:zxing-android-embedded:4.3.0] AndroidManifest.xml:44:9-33
35
36    <application
36-->src\main\AndroidManifest.xml:6:4-57:19
37        android:appComponentFactory="androidx.core.app.CoreComponentFactory"
37-->[androidx.core:core:1.7.0] AndroidManifest.xml:24:18-86
38        android:extractNativeLibs="false"
39        android:icon="@mipmap/ic_launcher"
39-->src\main\AndroidManifest.xml:8:9-43
40        android:label="consentify" >
40-->src\main\AndroidManifest.xml:7:9-35
41        <activity
41-->src\main\AndroidManifest.xml:9:9-38:20
42            android:name="com.example.consentify.MainActivity"
42-->src\main\AndroidManifest.xml:10:13-41
43            android:configChanges="orientation|keyboardHidden|keyboard|screenSize|smallestScreenSize|locale|layoutDirection|fontScale|screenLayout|density|uiMode"
43-->src\main\AndroidManifest.xml:14:13-163
44            android:exported="true"
44-->src\main\AndroidManifest.xml:11:13-36
45            android:hardwareAccelerated="true"
45-->src\main\AndroidManifest.xml:15:13-47
46            android:launchMode="singleTop"
46-->src\main\AndroidManifest.xml:12:13-43
47            android:theme="@style/LaunchTheme"
47-->src\main\AndroidManifest.xml:13:13-47
48            android:windowSoftInputMode="adjustResize" >
48-->src\main\AndroidManifest.xml:16:13-55
49
50            <!--
51                 Specifies an Android theme to apply to this Activity as soon as
52                 the Android process has started. This theme is visible to the user
53                 while the Flutter UI initializes. After that, this theme continues
54                 to determine the Window background behind the Flutter UI.
55            -->
56            <meta-data
56-->src\main\AndroidManifest.xml:21:13-24:17
57                android:name="io.flutter.embedding.android.NormalTheme"
57-->src\main\AndroidManifest.xml:22:15-70
58                android:resource="@style/NormalTheme" />
58-->src\main\AndroidManifest.xml:23:15-52
59            <!--
60                 Displays an Android View that continues showing the launch screen
61                 Drawable until Flutter paints its first frame, then this splash
62                 screen fades out. A splash screen is useful to avoid any visual
63                 gap between the end of Android's launch screen and the painting of
64                 Flutter's first frame.
65            -->
66            <meta-data
66-->src\main\AndroidManifest.xml:30:13-33:17
67                android:name="io.flutter.embedding.android.SplashScreenDrawable"
67-->src\main\AndroidManifest.xml:31:15-79
68                android:resource="@drawable/launch_background" />
68-->src\main\AndroidManifest.xml:32:15-61
69
70            <intent-filter>
70-->src\main\AndroidManifest.xml:34:13-37:29
71                <action android:name="android.intent.action.MAIN" />
71-->src\main\AndroidManifest.xml:35:17-68
71-->src\main\AndroidManifest.xml:35:25-66
72
73                <category android:name="android.intent.category.LAUNCHER" />
73-->src\main\AndroidManifest.xml:36:17-76
73-->src\main\AndroidManifest.xml:36:27-74
74            </intent-filter>
75        </activity>
76
77        <receiver
77-->src\main\AndroidManifest.xml:39:9-45:20
78            android:name="com.dexterous.flutterlocalnotifications.ScheduledNotificationBootReceiver"
78-->src\main\AndroidManifest.xml:39:19-107
79            android:exported="true" >
79-->src\main\AndroidManifest.xml:40:15-38
80            <intent-filter>
80-->src\main\AndroidManifest.xml:42:11-44:27
81                <action android:name="android.intent.action.BOOT_COMPLETED" />
81-->src\main\AndroidManifest.xml:43:13-82
81-->src\main\AndroidManifest.xml:43:21-72
82            </intent-filter>
83        </receiver>
84        <receiver
84-->src\main\AndroidManifest.xml:46:9-47:38
85            android:name="com.dexterous.flutterlocalnotifications.ScheduledNotificationReceiver"
85-->src\main\AndroidManifest.xml:46:19-103
86            android:exported="true" />
86-->src\main\AndroidManifest.xml:47:13-36
87
88        <!--
89             Don't delete the meta-data below.
90             This is used by the Flutter tool to generate GeneratedPluginRegistrant.java
91        -->
92        <meta-data
92-->src\main\AndroidManifest.xml:54:9-56:33
93            android:name="flutterEmbedding"
93-->src\main\AndroidManifest.xml:55:13-44
94            android:value="2" />
94-->src\main\AndroidManifest.xml:56:13-30
95
96        <provider
96-->[:open_file] AndroidManifest.xml:14:9-23:20
97            android:name="com.crazecoder.openfile.FileProvider"
97-->[:open_file] AndroidManifest.xml:15:13-64
98            android:authorities="com.example.consentify.fileProvider.com.crazecoder.openfile"
98-->[:open_file] AndroidManifest.xml:16:13-88
99            android:exported="false"
99-->[:open_file] AndroidManifest.xml:17:13-37
100            android:grantUriPermissions="true" >
100-->[:open_file] AndroidManifest.xml:18:13-47
101            <meta-data
101-->[:open_file] AndroidManifest.xml:20:13-22:53
102                android:name="android.support.FILE_PROVIDER_PATHS"
102-->[:open_file] AndroidManifest.xml:21:17-67
103                android:resource="@xml/filepaths" />
103-->[:open_file] AndroidManifest.xml:22:17-50
104        </provider>
105
106        <uses-library
106-->[androidx.window:window:1.0.0-beta04] AndroidManifest.xml:25:9-27:40
107            android:name="androidx.window.extensions"
107-->[androidx.window:window:1.0.0-beta04] AndroidManifest.xml:26:13-54
108            android:required="false" />
108-->[androidx.window:window:1.0.0-beta04] AndroidManifest.xml:27:13-37
109        <uses-library
109-->[androidx.window:window:1.0.0-beta04] AndroidManifest.xml:28:9-30:40
110            android:name="androidx.window.sidecar"
110-->[androidx.window:window:1.0.0-beta04] AndroidManifest.xml:29:13-51
111            android:required="false" />
111-->[androidx.window:window:1.0.0-beta04] AndroidManifest.xml:30:13-37
112
113        <provider
113-->[androidx.emoji2:emoji2:1.0.0] AndroidManifest.xml:26:9-34:20
114            android:name="androidx.startup.InitializationProvider"
114-->[androidx.emoji2:emoji2:1.0.0] AndroidManifest.xml:27:13-67
115            android:authorities="com.example.consentify.androidx-startup"
115-->[androidx.emoji2:emoji2:1.0.0] AndroidManifest.xml:28:13-68
116            android:exported="false" >
116-->[androidx.emoji2:emoji2:1.0.0] AndroidManifest.xml:29:13-37
117            <meta-data
117-->[androidx.emoji2:emoji2:1.0.0] AndroidManifest.xml:31:13-33:52
118                android:name="androidx.emoji2.text.EmojiCompatInitializer"
118-->[androidx.emoji2:emoji2:1.0.0] AndroidManifest.xml:32:17-75
119                android:value="androidx.startup" />
119-->[androidx.emoji2:emoji2:1.0.0] AndroidManifest.xml:33:17-49
120            <meta-data
120-->[androidx.lifecycle:lifecycle-process:2.4.0] AndroidManifest.xml:31:13-33:52
121                android:name="androidx.lifecycle.ProcessLifecycleInitializer"
121-->[androidx.lifecycle:lifecycle-process:2.4.0] AndroidManifest.xml:32:17-78
122                android:value="androidx.startup" />
122-->[androidx.lifecycle:lifecycle-process:2.4.0] AndroidManifest.xml:33:17-49
123        </provider>
124
125        <activity
125-->[com.journeyapps:zxing-android-embedded:4.3.0] AndroidManifest.xml:47:9-53:63
126            android:name="com.journeyapps.barcodescanner.CaptureActivity"
126-->[com.journeyapps:zxing-android-embedded:4.3.0] AndroidManifest.xml:48:13-74
127            android:clearTaskOnLaunch="true"
127-->[com.journeyapps:zxing-android-embedded:4.3.0] AndroidManifest.xml:49:13-45
128            android:screenOrientation="sensorLandscape"
128-->[com.journeyapps:zxing-android-embedded:4.3.0] AndroidManifest.xml:50:13-56
129            android:stateNotNeeded="true"
129-->[com.journeyapps:zxing-android-embedded:4.3.0] AndroidManifest.xml:51:13-42
130            android:theme="@style/zxing_CaptureTheme"
130-->[com.journeyapps:zxing-android-embedded:4.3.0] AndroidManifest.xml:52:13-54
131            android:windowSoftInputMode="stateAlwaysHidden" />
131-->[com.journeyapps:zxing-android-embedded:4.3.0] AndroidManifest.xml:53:13-60
132    </application>
133
134</manifest>